<?xml version="1.0" encoding="UTF-8"?>
<testsuite xmlns:xsi="http://www.w3.org/2001/XMLSchema-instance" xsi:noNamespaceSchemaLocation="https://maven.apache.org/surefire/maven-surefire-plugin/xsd/surefire-test-report.xsd" name="example.com.MathUtilsTest" time="0.096" tests="2" errors="0" skipped="0" failures="0">
  <properties>
    <property name="sun.desktop" value="windows"/>
    <property name="awt.toolkit" value="sun.awt.windows.WToolkit"/>
    <property name="java.specification.version" value="11"/>
    <property name="sun.cpu.isalist" value="amd64"/>
    <property name="sun.jnu.encoding" value="Cp1252"/>
    <property name="java.class.path" value="C:\Users\610501\IdeaProjects\Local-repo-microservices\Junitdemo\target\test-classes;C:\Users\610501\IdeaProjects\Local-repo-microservices\Junitdemo\target\classes;C:\Users\610501\.m2\repository\org\junit\jupiter\junit-jupiter-engine\5.6.2\junit-jupiter-engine-5.6.2.jar;C:\Users\610501\.m2\repository\org\apiguardian\apiguardian-api\1.1.0\apiguardian-api-1.1.0.jar;C:\Users\610501\.m2\repository\org\junit\platform\junit-platform-engine\1.6.2\junit-platform-engine-1.6.2.jar;C:\Users\610501\.m2\repository\org\junit\jupiter\junit-jupiter-api\5.6.2\junit-jupiter-api-5.6.2.jar;C:\Users\610501\.m2\repository\org\opentest4j\opentest4j\1.2.0\opentest4j-1.2.0.jar;C:\Users\610501\.m2\repository\org\junit\platform\junit-platform-commons\1.6.2\junit-platform-commons-1.6.2.jar;"/>
    <property name="java.vm.vendor" value="Oracle Corporation"/>
    <property name="sun.arch.data.model" value="64"/>
    <property name="user.variant" value=""/>
    <property name="java.vendor.url" value="https://openjdk.java.net/"/>
    <property name="user.timezone" value="America/Chicago"/>
    <property name="java.vm.specification.version" value="11"/>
    <property name="os.name" value="Windows 10"/>
    <property name="sun.java.launcher" value="SUN_STANDARD"/>
    <property name="user.country" value="US"/>
    <property name="sun.boot.library.path" value="C:\Program Files\Java\jdk-11.0.7\bin"/>
    <property name="sun.java.command" value="C:\Users\610501\AppData\Local\Temp\surefire4464942163060319736\surefirebooter8067363634973078979.jar C:\Users\610501\AppData\Local\Temp\surefire4464942163060319736 2020-06-09T17-54-51_066-jvmRun1 surefire14696693563537059162tmp surefire_018074537929900747049tmp"/>
    <property name="jdk.debug" value="release"/>
    <property name="surefire.test.class.path" value="C:\Users\610501\IdeaProjects\Local-repo-microservices\Junitdemo\target\test-classes;C:\Users\610501\IdeaProjects\Local-repo-microservices\Junitdemo\target\classes;C:\Users\610501\.m2\repository\org\junit\jupiter\junit-jupiter-engine\5.6.2\junit-jupiter-engine-5.6.2.jar;C:\Users\610501\.m2\repository\org\apiguardian\apiguardian-api\1.1.0\apiguardian-api-1.1.0.jar;C:\Users\610501\.m2\repository\org\junit\platform\junit-platform-engine\1.6.2\junit-platform-engine-1.6.2.jar;C:\Users\610501\.m2\repository\org\junit\jupiter\junit-jupiter-api\5.6.2\junit-jupiter-api-5.6.2.jar;C:\Users\610501\.m2\repository\org\opentest4j\opentest4j\1.2.0\opentest4j-1.2.0.jar;C:\Users\610501\.m2\repository\org\junit\platform\junit-platform-commons\1.6.2\junit-platform-commons-1.6.2.jar;"/>
    <property name="sun.cpu.endian" value="little"/>
    <property name="user.home" value="C:\Users\610501"/>
    <property name="user.language" value="en"/>
    <property name="java.specification.vendor" value="Oracle Corporation"/>
    <property name="java.version.date" value="2020-04-14"/>
    <property name="java.home" value="C:\Program Files\Java\jdk-11.0.7"/>
    <property name="file.separator" value="\"/>
    <property name="basedir" value="C:\Users\610501\IdeaProjects\Local-repo-microservices\Junitdemo"/>
    <property name="java.vm.compressedOopsMode" value="32-bit"/>
    <property name="line.separator" value="&#10;"/>
    <property name="java.specification.name" value="Java Platform API Specification"/>
    <property name="java.vm.specification.vendor" value="Oracle Corporation"/>
    <property name="java.awt.graphicsenv" value="sun.awt.Win32GraphicsEnvironment"/>
    <property name="surefire.real.class.path" value="C:\Users\610501\AppData\Local\Temp\surefire4464942163060319736\surefirebooter8067363634973078979.jar"/>
    <property name="user.script" value=""/>
    <property name="sun.management.compiler" value="HotSpot 64-Bit Tiered Compilers"/>
    <property name="java.runtime.version" value="11.0.7+8-LTS"/>
    <property name="user.name" value="610501"/>
    <property name="path.separator" value=";"/>
    <property name="os.version" value="10.0"/>
    <property name="java.runtime.name" value="Java(TM) SE Runtime Environment"/>
    <property name="file.encoding" value="Cp1252"/>
    <property name="java.vm.name" value="Java HotSpot(TM) 64-Bit Server VM"/>
    <property name="java.vendor.version" value="18.9"/>
    <property name="localRepository" value="C:\Users\610501\.m2\repository"/>
    <property name="java.vendor.url.bug" value="https://bugreport.java.com/bugreport/"/>
    <property name="java.io.tmpdir" value="C:\Users\610501\AppData\Local\Temp\"/>
    <property name="java.version" value="11.0.7"/>
    <property name="user.dir" value="C:\Users\610501\IdeaProjects\Local-repo-microservices\Junitdemo"/>
    <property name="os.arch" value="amd64"/>
    <property name="java.vm.specification.name" value="Java Virtual Machine Specification"/>
    <property name="java.awt.printerjob" value="sun.awt.windows.WPrinterJob"/>
    <property name="sun.os.patch.level" value=""/>
    <property name="idea.version2019.3.4" value="true"/>
    <property name="java.library.path" value="C:\Program Files\Java\jdk-11.0.7\bin;C:\Windows\Sun\Java\bin;C:\Windows\system32;C:\Windows;C:\Python38\Scripts\;C:\Python38\;C:\Windows\system32;C:\Windows;C:\Windows\System32\Wbem;C:\Windows\System32\WindowsPowerShell\v1.0\;C:\Windows\System32\OpenSSH\;C:\Program Files\Git\cmd;C:\Program Files\Java\jdk-10.0.2\bin;C:\Program Files\Java\jre-10.0.2\bin;C:\Program Files (x86)\Common Files\Oracle\Java\javapath;C:\maven\apache-maven-3.6.3\bin;C:\Program Files\Amazon\AWSCLI\;C:\Program Files\PuTTY\;C:\Program Files\MongoDB\Server\4.2\bin;C:\maven\apache-maven-3.6.3\bin;C:\Program Files\nodejs\;C:\ProgramData\chocolatey\bin;C:\Program Files\nodejs;C:\Program Files\MySQL\MySQL Shell 8.0\bin\;C:\Users\610501\AppData\Local\Microsoft\WindowsApps;C:\Users\610501\AppData\Local\GitHubDesktop\bin;C:\Users\610501\AppData\Roaming\npm;C:\Users\610501\AppData\Local\Programs\Microsoft VS Code\bin;."/>
    <property name="java.vendor" value="Oracle Corporation"/>
    <property name="java.vm.info" value="mixed mode"/>
    <property name="java.vm.version" value="11.0.7+8-LTS"/>
    <property name="sun.io.unicode.encoding" value="UnicodeLittle"/>
    <property name="java.class.version" value="55.0"/>
  </properties>
  <testcase name="testAdd" classname="example.com.MathUtilsTest" time="0.05"/>
  <testcase name="testComputeCircleRadius" classname="example.com.MathUtilsTest" time="0.004"/>
</testsuite>